1504721798|REQUEST_URI|HTTP_REFERER1504721803|REQUEST_URI|HTTP_REFERER1504721806|REQUEST_URI|HTTP_REFERER1504721808|REQUEST_URI|HTTP_REFERER1504721810|REQUEST_URI|HTTP_REFERER1504721812|REQUEST_URI|HTTP_REFERER1504721813|REQUEST_URI|HTTP_REFERER1504721814|REQUEST_URI|HTTP_REFERER1504721816|REQUEST_URI|HTTP_REFERER1504722643|REQUEST_URI|HTTP_REFERER1504722644|REQUEST_URI|HTTP_REFERER1504722756|REQUEST_URI|HTTP_REFERER1504722757|REQUEST_URI|HTTP_REFERER1504722854|REQUEST_URI|HTTP_REFERER1504722855|REQUEST_URI|HTTP_REFERER1504722875|REQUEST_URI|HTTP_REFERER1504722878|REQUEST_URI|HTTP_REFERER1504722880|REQUEST_URI|HTTP_REFERER1504722881|REQUEST_URI|HTTP_REFERER1504722892|REQUEST_URI|HTTP_REFERER1504722894|REQUEST_URI|HTTP_REFERER1504722910|REQUEST_URI|HTTP_REFERER1504722917|REQUEST_URI|HTTP_REFERER1504722919|REQUEST_URI|HTTP_REFERER1504722921|REQUEST_URI|HTTP_REFERER1504722986|REQUEST_URI|HTTP_REFERER1504722989|REQUEST_URI|HTTP_REFERER1504722990|REQUEST_URI|HTTP_REFERER1504722991|REQUEST_URI|HTTP_REFERER1504722992|REQUEST_URI|HTTP_REFERER1504722993|REQUEST_URI|HTTP_REFERER1504722994|REQUEST_URI|HTTP_REFERER1504723015|REQUEST_URI|HTTP_REFERER1504723017|REQUEST_URI|HTTP_REFERER1504723018|REQUEST_URI|HTTP_REFERER1504723019|REQUEST_URI|HTTP_REFERER1504723114|REQUEST_URI|HTTP_REFERER1504723115|REQUEST_URI|HTTP_REFERER1504723116|REQUEST_URI|HTTP_REFERER1504723117|REQUEST_URI|HTTP_REFERER1504723118|REQUEST_URI|HTTP_REFERER1504723277|REQUEST_URI|HTTP_REFERER1504723278|REQUEST_URI|HTTP_REFERER1504723279|REQUEST_URI|HTTP_REFERER1504723280|REQUEST_URI|HTTP_REFERER1504723282|REQUEST_URI|HTTP_REFERER1504723283|REQUEST_URI|HTTP_REFERER1504723284|REQUEST_URI|HTTP_REFERER1504723758|/index.php?id=log|http://mysite.ru/index.php?id=test-online
1504723771|/index.php?id=contact|http://mysite.ru/index.php?id=log
1504723773|/index.php?id=table|http://mysite.ru/index.php?id=contact
1504723774|/index.php?id=about|http://mysite.ru/index.php?id=table
1504723775|/index.php|http://mysite.ru/index.php?id=about
1504723776|/index.php?id=calc|http://mysite.ru/index.php
1504723778|/index.php?id=test-online|http://mysite.ru/index.php?id=calc
1504723779|/index.php?id=log|http://mysite.ru/index.php?id=test-online
1504723835|/index.php?id=log|http://mysite.ru/index.php?id=test-online
1504723837|/index.php?id=contact|http://mysite.ru/index.php?id=log
1504723839|/index.php?id=table|http://mysite.ru/index.php?id=contact
1504723840|/index.php|http://mysite.ru/index.php?id=table
1504723841|/index.php?id=calc|http://mysite.ru/index.php
1504723842|/index.php?id=log|http://mysite.ru/index.php?id=calc
1504723862|/index.php?id=calc|http://mysite.ru/index.php?id=log
1504723863|/index.php?id=about|http://mysite.ru/index.php?id=calc
1504723865|/index.php?id=log|http://mysite.ru/index.php?id=about
1504723913|REQUEST_URI|HTTP_REFERER
1504723939|REQUEST_URI|HTTP_REFERER1504723940|REQUEST_URI|HTTP_REFERER1504723945|REQUEST_URI|HTTP_REFERER1504723946|REQUEST_URI|HTTP_REFERER1504723946|REQUEST_URI|HTTP_REFERER1504723947|REQUEST_URI|HTTP_REFERER1504723948|REQUEST_URI|HTTP_REFERER1504723958|REQUEST_URI|HTTP_REFERER1504723959|REQUEST_URI|HTTP_REFERER1504723960|REQUEST_URI|HTTP_REFERER1504723960|REQUEST_URI|HTTP_REFERER1504723962|REQUEST_URI|HTTP_REFERER1504724001|/index.php?id=log|http://mysite.ru/index.php?id=contact
1504724003|/index.php?id=log|http://mysite.ru/index.php?id=contact
1504724003|/index.php?id=log|http://mysite.ru/index.php?id=contact
1504724468|/index.php?id=calc|http://mysite.ru/index.php?id=log
1504724469|/index.php?id=table|http://mysite.ru/index.php?id=calc
1504724470|/index.php?id=log|http://mysite.ru/index.php?id=table
1504724472|/index.php?id=log|http://mysite.ru/index.php?id=log
1504724481|/index.php?id=log|http://mysite.ru/index.php?id=log
1504724531|/|
1504724535|/index.php?id=log|http://mysite.ru/
1504755665|/|
1504755670|/index.php?id=log|http://mysite.ru/
1504755673|/index.php?id=calc|http://mysite.ru/index.php?id=log
1504755677|/index.php?id=table|http://mysite.ru/index.php?id=calc
1504755699|/index.php?id=table|http://mysite.ru/index.php?id=table
1504755721|/index.php?id=log|http://mysite.ru/index.php?id=table
1504759984|/|
1504764222|/|
1504764513|/|
1504764516|/index.php?id=sbook|http://mysite.ru/
1504764542|/index.php?id=sbook|http://mysite.ru/index.php?id=sbook
1504764715|/index.php?id=sbook|http://mysite.ru/index.php?id=sbook
1504764790|/index.php?id=sbook|http://mysite.ru/index.php?id=sbook
1504764808|/index.php?id=sbook|http://mysite.ru/index.php?id=sbook
1504765071|/index.php?id=table|http://mysite.ru/index.php?id=sbook
1504765073|/index.php?id=sbook|http://mysite.ru/index.php?id=table
1504765083|/index.php?id=sbook|http://mysite.ru/index.php?id=sbook
1504765115|/index.php?id=sbook|http://mysite.ru/index.php?id=sbook
1504765133|/index.php?id=sbook|http://mysite.ru/index.php?id=sbook
1504765709|/index.php?id=contact|http://mysite.ru/index.php?id=sbook
1504765711|/index.php?id=sbook|http://mysite.ru/index.php?id=contact
1504766138|/index.php?id=sbook|http://mysite.ru/index.php?id=contact
1504766193|/index.php?id=sbook|http://mysite.ru/index.php?id=contact
1504766365|/index.php?id=sbook|http://mysite.ru/index.php?id=contact
1504766400|/index.php?id=sbook|http://mysite.ru/index.php?id=contact
1504766461|/index.php?id=sbook|http://mysite.ru/index.php?id=contact
1504766576|/index.php?id=sbook|http://mysite.ru/index.php?id=contact
1504766686|/index.php?id=sbook|http://mysite.ru/index.php?id=contact
1504766722|/index.php?id=sbook|http://mysite.ru/index.php?id=contact
1504766746|/index.php?id=sbook|http://mysite.ru/index.php?id=contact
1504766749|/index.php?id=sbook|http://mysite.ru/index.php?id=contact
1504766750|/index.php?id=sbook|http://mysite.ru/index.php?id=contact
1504766751|/index.php?id=sbook|http://mysite.ru/index.php?id=contact
1504766753|/index.php?id=sbook|http://mysite.ru/index.php?id=contact
1504766754|/index.php?id=sbook|http://mysite.ru/index.php?id=contact
1504766754|/index.php?id=sbook|http://mysite.ru/index.php?id=contact
1504766755|/index.php?id=sbook|http://mysite.ru/index.php?id=contact
1504766756|/index.php?id=sbook|http://mysite.ru/index.php?id=contact
1504766757|/index.php?id=sbook|http://mysite.ru/index.php?id=contact
1504766763|/index.php?id=sbook|http://mysite.ru/index.php?id=contact
1504766921|/index.php?id=sbook|http://mysite.ru/index.php?id=contact
1504766991|/index.php?id=sbook|http://mysite.ru/index.php?id=contact
1504766992|/index.php?id=sbook|http://mysite.ru/index.php?id=contact
1504767153|/index.php?id=sbook|http://mysite.ru/index.php?id=contact
1504767155|/index.php?id=sbook|http://mysite.ru/index.php?id=contact
1504767790|/index.php?id=sbook|http://mysite.ru/index.php?id=contact
1504768026|/index.php?id=sbook|http://mysite.ru/index.php?id=contact
1504768207|/index.php?id=sbook|http://mysite.ru/index.php?id=contact
1504768209|/index.php?id=sbook|http://mysite.ru/index.php?id=contact
1504768211|/index.php?id=sbook|http://mysite.ru/index.php?id=contact
1504768230|/index.php?id=sbook|http://mysite.ru/index.php?id=contact
1504768231|/index.php?id=sbook|http://mysite.ru/index.php?id=contact
1504768233|/index.php?id=sbook|http://mysite.ru/index.php?id=contact
1504768234|/index.php?id=sbook|http://mysite.ru/index.php?id=contact
1504768235|/index.php?id=sbook|http://mysite.ru/index.php?id=contact
1504768235|/index.php?id=sbook|http://mysite.ru/index.php?id=contact
1504768236|/index.php?id=sbook|http://mysite.ru/index.php?id=contact
1504768237|/index.php?id=sbook|http://mysite.ru/index.php?id=contact
1504768392|/index.php?id=sbook|http://mysite.ru/index.php?id=contact
1504768415|/index.php?id=sbook|http://mysite.ru/index.php?id=contact
1504768472|/index.php?id=sbook|http://mysite.ru/index.php?id=contact
1504768473|/index.php?id=sbook|http://mysite.ru/index.php?id=contact
1504768474|/index.php?id=sbook|http://mysite.ru/index.php?id=contact
1504768791|/index.php?id=sbook|http://mysite.ru/index.php?id=contact
1504769244|/index.php?id=sbook|http://mysite.ru/index.php?id=contact
1504769262|/index.php?id=sbook|http://mysite.ru/index.php?id=contact
1504769264|/index.php?id=sbook|http://mysite.ru/index.php?id=contact
1504769278|/index.php?id=sbook|http://mysite.ru/index.php?id=contact
1504769281|/index.php?id=sbook|http://mysite.ru/index.php?id=contact
1504769282|/index.php?id=sbook|http://mysite.ru/index.php?id=contact
1504769283|/index.php?id=sbook|http://mysite.ru/index.php?id=contact
1504769463|/index.php?id=sbook|http://mysite.ru/index.php?id=contact
1504769547|/index.php?id=sbook|http://mysite.ru/index.php?id=contact
1504769611|/index.php?id=sbook|http://mysite.ru/index.php?id=contact
1504769679|/index.php?id=sbook|http://mysite.ru/index.php?id=contact
1504769880|/index.php?id=sbook|http://mysite.ru/index.php?id=contact
1504769882|/index.php?id=sbook|http://mysite.ru/index.php?id=contact
1504769934|/index.php?id=sbook|http://mysite.ru/index.php?id=contact
1504769935|/index.php?id=sbook|http://mysite.ru/index.php?id=contact
1504769936|/index.php?id=sbook|http://mysite.ru/index.php?id=contact
1504770010|/index.php?id=sbook|http://mysite.ru/index.php?id=contact
1504770012|/index.php?id=sbook|http://mysite.ru/index.php?id=contact
1504770159|/index.php?id=sbook|http://mysite.ru/index.php?id=contact
1504770237|/index.php?id=sbook|http://mysite.ru/index.php?id=contact
1504770266|/index.php?id=sbook|http://mysite.ru/index.php?id=contact
1504770268|/index.php?id=sbook|http://mysite.ru/index.php?id=contact
1504770269|/index.php?id=sbook|http://mysite.ru/index.php?id=contact
1504770301|/index.php?id=sbook|http://mysite.ru/index.php?id=contact
1504770322|/index.php?id=sbook|http://mysite.ru/index.php?id=contact
1504770323|/index.php?id=sbook|http://mysite.ru/index.php?id=contact
1504770443|/index.php?id=sbook|http://mysite.ru/index.php?id=contact
1504770445|/index.php?id=sbook|http://mysite.ru/index.php?id=contact
1504770445|/index.php?id=sbook|http://mysite.ru/index.php?id=contact
1504770446|/index.php?id=sbook|http://mysite.ru/index.php?id=contact
1504770448|/index.php?id=sbook|http://mysite.ru/index.php?id=contact
1504770647|/index.php?id=sbook|http://mysite.ru/index.php?id=contact
1504770677|/index.php?id=sbook|http://mysite.ru/index.php?id=contact
1504770678|/index.php?id=sbook|http://mysite.ru/index.php?id=contact
1504770705|/index.php?id=sbook|http://mysite.ru/index.php?id=sbook
1504770822|/index.php?id=sbook|http://mysite.ru/index.php?id=sbook
1504770823|/index.php?id=sbook|http://mysite.ru/index.php?id=sbook
1504770851|/index.php?id=sbook|http://mysite.ru/index.php?id=sbook
1504770887|/index.php?id=sbook|http://mysite.ru/index.php?id=sbook
1504771045|/index.php?id=sbook|http://mysite.ru/index.php?id=sbook
1504771046|/index.php?id=sbook|http://mysite.ru/index.php?id=sbook
1504771078|/index.php?id=sbook|http://mysite.ru/index.php?id=sbook
1504771079|/index.php?id=sbook|http://mysite.ru/index.php?id=sbook
1504771080|/index.php?id=sbook|http://mysite.ru/index.php?id=sbook
1504771093|/index.php?id=sbook|http://mysite.ru/index.php?id=sbook
1504771111|/index.php?id=sbook|http://mysite.ru/index.php?id=sbook
1504771182|/index.php?id=sbook|http://mysite.ru/index.php?id=sbook
1504771222|/index.php?id=sbook|http://mysite.ru/index.php?id=sbook
1504771243|/index.php?id=sbook|http://mysite.ru/index.php?id=sbook
1504771330|/index.php?id=sbook|http://mysite.ru/index.php?id=sbook
1504771389|/index.php?id=sbook|http://mysite.ru/index.php?id=sbook
1504771421|/index.php?id=sbook|http://mysite.ru/index.php?id=sbook
1504771465|/index.php?id=sbook|http://mysite.ru/index.php?id=sbook
1504771518|/index.php?id=sbook|http://mysite.ru/index.php?id=sbook
1504771552|/index.php?id=sbook|http://mysite.ru/index.php?id=sbook
1504771593|/index.php?id=sbook|http://mysite.ru/index.php?id=sbook
1504771625|/index.php?id=sbook|http://mysite.ru/index.php?id=sbook
1504771627|/index.php?id=sbook|http://mysite.ru/index.php?id=sbook
1504771639|/index.php?id=sbook|http://mysite.ru/index.php?id=sbook
1504771694|/index.php?id=sbook|http://mysite.ru/index.php?id=sbook
1504771751|/index.php?id=sbook|http://mysite.ru/index.php?id=sbook
1504771796|/index.php?id=sbook|http://mysite.ru/index.php?id=sbook
1504772120|/index.php?id=sbook|http://mysite.ru/index.php?id=sbook
1504772378|/index.php?id=sbook|http://mysite.ru/index.php?id=sbook
1504772398|/index.php?id=sbook|http://mysite.ru/index.php?id=sbook
1504772432|/index.php?id=sbook|http://mysite.ru/index.php?id=sbook
1504772443|/index.php?id=gbook&del=1|http://mysite.ru/index.php?id=sbook
1504772446|/index.php?id=log|http://mysite.ru/index.php?id=gbook&del=1
1504772449|/index.php?id=sbook|http://mysite.ru/index.php?id=log
1504772907|/index.php?id=sbook|http://mysite.ru/index.php?id=log
1504772908|/index.php?id=sbook|http://mysite.ru/index.php?id=log
1504772910|/index.php?id=gbook&del=1|http://mysite.ru/index.php?id=sbook
1504772913|/index.php?id=sbook|http://mysite.ru/index.php?id=gbook&del=1
1504773007|/index.php?id=sbook|http://mysite.ru/index.php?id=gbook&del=1
1504773008|/index.php?id=sbook|http://mysite.ru/index.php?id=gbook&del=1
1504773016|/index.php?id=gbook&del=1|http://mysite.ru/index.php?id=sbook
1504773019|/index.php?id=sbook|http://mysite.ru/index.php?id=gbook&del=1
1504773022|/index.php?id=gbook&del=1|http://mysite.ru/index.php?id=sbook
1504773025|/index.php?id=sbook|http://mysite.ru/index.php?id=gbook&del=1
1504773088|/index.php?id=sbook|http://mysite.ru/index.php?id=gbook&del=1
1504773091|/index.php?id=gbook&del=1|http://mysite.ru/index.php?id=sbook
1504773094|/index.php?id=sbook|http://mysite.ru/index.php?id=gbook&del=1
1504773238|/index.php?id=sbook|http://mysite.ru/index.php?id=gbook&del=1
1504773239|/index.php?id=sbook|http://mysite.ru/index.php?id=gbook&del=1
1504773241|/index.php?id=test-online|http://mysite.ru/index.php?id=sbook
1504773242|/index.php?id=sbook|http://mysite.ru/index.php?id=test-online
1504773244|/index.php?id=sbook&del=1|http://mysite.ru/index.php?id=sbook
1504773246|/index.php?id=sbook&del=1|http://mysite.ru/index.php?id=sbook&del=1
1504773247|/index.php?id=sbook&del=1|http://mysite.ru/index.php?id=sbook&del=1
1504773248|/index.php?id=sbook&del=1|http://mysite.ru/index.php?id=sbook&del=1
1504773248|/index.php?id=sbook&del=1|http://mysite.ru/index.php?id=sbook&del=1
1504773249|/index.php?id=sbook&del=1|http://mysite.ru/index.php?id=sbook&del=1
1504773249|/index.php?id=sbook&del=1|http://mysite.ru/index.php?id=sbook&del=1
1504773435|/index.php?id=sbook&del=1|http://mysite.ru/index.php?id=sbook&del=1
1504773437|/index.php?id=sbook&del=1|http://mysite.ru/index.php?id=sbook&del=1
1504773439|/index.php?id=sbook&id=%27id%27|http://mysite.ru/index.php?id=sbook&del=1
1504773441|/index.php?id=sbook|http://mysite.ru/index.php?id=sbook&id=%27id%27
1504773499|/index.php?id=sbook|http://mysite.ru/index.php?id=sbook&id=%27id%27
1504773500|/index.php?id=sbook|http://mysite.ru/index.php?id=sbook&id=%27id%27
1504773501|/index.php?id=contact|http://mysite.ru/index.php?id=sbook
1504773503|/index.php?id=sbook|http://mysite.ru/index.php?id=contact
1504773507|/index.php?id=sbook&id=sbook;|http://mysite.ru/index.php?id=sbook
1504773509|/index.php?id=sbook|http://mysite.ru/index.php?id=sbook&id=sbook;
1504773512|/index.php?id=sbook&id=sbook;|http://mysite.ru/index.php?id=sbook
1504773641|/index.php?id=sbook&id=sbook;|http://mysite.ru/index.php?id=sbook
1504773643|/index.php?id=sbook|http://mysite.ru/index.php?id=sbook&id=sbook;
1504773646|/index.php?id=sbook&id=%3C|http://mysite.ru/index.php?id=sbook
1504773648|/index.php?id=sbook|http://mysite.ru/index.php?id=sbook&id=%3C
1504773911|/index.php?id=sbook|http://mysite.ru/index.php?id=sbook&id=%3C
1504773912|/index.php?id=sbook|http://mysite.ru/index.php?id=sbook&id=%3C
1504773913|/index.php?id=about|http://mysite.ru/index.php?id=sbook
1504773917|/index.php?id=sbook|http://mysite.ru/index.php?id=about
1504773920|/index.php?id=sbook&id=1|http://mysite.ru/index.php?id=sbook
1504773922|/index.php?id=sbook|http://mysite.ru/index.php?id=sbook&id=1
1504774006|/index.php?id=sbook|http://mysite.ru/index.php?id=sbook&id=1
1504774007|/index.php?id=sbook|http://mysite.ru/index.php?id=sbook&id=1
1504774008|/index.php?id=sbook|http://mysite.ru/index.php?id=sbook&id=1
1504774341|/index.php?id=sbook|http://mysite.ru/index.php?id=sbook&id=1
1504774342|/index.php?id=sbook|http://mysite.ru/index.php?id=sbook&id=1
1504774344|/index.php?id=sbook&id=1|http://mysite.ru/index.php?id=sbook
1504774346|/index.php?id=sbook|http://mysite.ru/index.php?id=sbook&id=1
1504774354|/index.php?id=sbook&id=1|http://mysite.ru/index.php?id=sbook
1504774356|/index.php?id=sbook|http://mysite.ru/index.php?id=sbook&id=1
1504774454|/index.php?id=sbook|http://mysite.ru/index.php?id=sbook&id=1
1504774455|/index.php?id=sbook|http://mysite.ru/index.php?id=sbook&id=1
1504774457|/index.php|http://mysite.ru/index.php?id=sbook
1504774458|/index.php?id=contact|http://mysite.ru/index.php
1504774460|/index.php?id=sbook|http://mysite.ru/index.php?id=contact
1504774462|/index.php?id=sbook&id=|http://mysite.ru/index.php?id=sbook
1504774464|/index.php?id=sbook|http://mysite.ru/index.php?id=sbook&id=
1504774520|/index.php?id=sbook|http://mysite.ru/index.php?id=sbook&id=
1504774525|/index.php?id=sbook&id=|http://mysite.ru/index.php?id=sbook
1504774527|/index.php?id=sbook|http://mysite.ru/index.php?id=sbook&id=
1504774542|/index.php?id=sbook|http://mysite.ru/index.php?id=sbook
1504774555|/index.php?id=sbook&id=|http://mysite.ru/index.php?id=sbook
1504774559|/index.php?id=sbook|http://mysite.ru/index.php?id=sbook&id=
1504774909|/index.php?id=sbook|
1504774935|/index.php?id=sbook|http://mysite.ru/index.php?id=sbook&id=
1504775074|/index.php?id=sbook|http://mysite.ru/index.php?id=sbook&id=
1504775107|/index.php?id=sbook|http://mysite.ru/index.php?id=sbook&id=
1504775145|/index.php?id=sbook|http://mysite.ru/index.php?id=sbook&id=
1504775147|/index.php?id=sbook|http://mysite.ru/index.php?id=sbook&id=
1504775149|/index.php?id=sbook|http://mysite.ru/index.php?id=sbook&id=
1504775150|/index.php?id=sbook|http://mysite.ru/index.php?id=sbook&id=
1504775152|/index.php?id=table|http://mysite.ru/index.php?id=sbook
1504775153|/index.php?id=sbook|http://mysite.ru/index.php?id=table
1504775157|/index.php?id=|http://mysite.ru/index.php?id=sbook
1504775159|/index.php?id=sbook|http://mysite.ru/index.php?id=
1504775212|/index.php?id=sbook|http://mysite.ru/index.php?id=
1504775213|/index.php?id=sbook|http://mysite.ru/index.php?id=
1504775244|/index.php?id=sbook|http://mysite.ru/index.php?id=
1504775289|/index.php?id=sbook|http://mysite.ru/index.php?id=
1504775290|/index.php?id=sbook|http://mysite.ru/index.php?id=
1504775291|/index.php?id=sbook|http://mysite.ru/index.php?id=
1504775309|/index.php?id=1%3E|http://mysite.ru/index.php?id=sbook
1504775311|/index.php?id=sbook|http://mysite.ru/index.php?id=1%3E
1504775389|/index.php?id=sbook|http://mysite.ru/index.php?id=1%3E
1504775390|/index.php?id=sbook|http://mysite.ru/index.php?id=1%3E
1504775390|/index.php?id=sbook|http://mysite.ru/index.php?id=1%3E
1504775391|/index.php?id=sbook|http://mysite.ru/index.php?id=1%3E
1504775393|/index.php?id=sbook&id=|http://mysite.ru/index.php?id=sbook
1504775395|/index.php?id=sbook|http://mysite.ru/index.php?id=sbook&id=
1504775466|/index.php?id=sbook|http://mysite.ru/index.php?id=sbook&id=
1504775469|/index.php?id=sbook&id=|http://mysite.ru/index.php?id=sbook
1504775471|/index.php?id=sbook|http://mysite.ru/index.php?id=sbook&id=
1504775523|/index.php?id=sbook|http://mysite.ru/index.php?id=sbook&id=
1504775528|/index.php?id=sbook&id=|http://mysite.ru/index.php?id=sbook
1504775530|/index.php?id=sbook|http://mysite.ru/index.php?id=sbook&id=
1504775555|/index.php?id=sbook|http://mysite.ru/index.php?id=sbook&id=
1504775557|/index.php?id=sbook|http://mysite.ru/index.php?id=sbook&id=
1504775557|/index.php?id=sbook|http://mysite.ru/index.php?id=sbook&id=
1504775695|/index.php?id=sbook|http://mysite.ru/index.php?id=sbook&id=
1504775710|/index.php?id=sbook|http://mysite.ru/index.php?id=sbook&id=
1504775838|/index.php?id=sbook|http://mysite.ru/index.php?id=sbook&id=
1504775839|/index.php?id=sbook|http://mysite.ru/index.php?id=sbook&id=
1504775840|/index.php?id=sbook|http://mysite.ru/index.php?id=sbook&id=
1504775841|/index.php?id=sbook|http://mysite.ru/index.php?id=sbook&id=
1504775964|/index.php?id=sbook|http://mysite.ru/index.php?id=sbook&id=
1504775978|/index.php?id=sbook|http://mysite.ru/index.php?id=sbook&id=
1504775980|/index.php?id=sbook|http://mysite.ru/index.php?id=sbook&id=
1504775994|/index.php?id=sbook|http://mysite.ru/index.php?id=sbook&id=
1504776021|/index.php?id=sbook|http://mysite.ru/index.php?id=sbook&id=
1504776031|/index.php?id=sbook|http://mysite.ru/index.php?id=sbook&id=
1504776033|/index.php?id=sbook|http://mysite.ru/index.php?id=sbook&id=
1504776057|/index.php?id=sbook|http://mysite.ru/index.php?id=sbook&id=
1504776263|/index.php?id=sbook|http://mysite.ru/index.php?id=sbook&id=
1504776265|/index.php?id=sbook|http://mysite.ru/index.php?id=sbook&id=
1504776279|/index.php?id=sbook|http://mysite.ru/index.php?id=sbook&id=
1504776281|/index.php?id=sbook|http://mysite.ru/index.php?id=sbook&id=
1504776343|/index.php?id=sbook|http://mysite.ru/index.php?id=sbook&id=
1504776419|/index.php?id=sbook|http://mysite.ru/index.php?id=sbook&id=
1504776420|/index.php?id=sbook&id=|http://mysite.ru/index.php?id=sbook
1504776423|/index.php?id=sbook|http://mysite.ru/index.php?id=sbook&id=
1504776475|/index.php?id=sbook|http://mysite.ru/index.php?id=sbook&id=
1504776477|/index.php?id=table|http://mysite.ru/index.php?id=sbook
1504776479|/index.php?id=sbook|http://mysite.ru/index.php?id=table
1504776498|/index.php?id=sbook|http://mysite.ru/index.php?id=table
1504776592|/index.php?id=sbook|http://mysite.ru/index.php?id=table
1504776592|/index.php?id=sbook|http://mysite.ru/index.php?id=table
1504776767|/index.php?id=sbook|http://mysite.ru/index.php?id=table
1504776768|/index.php?id=sbook|http://mysite.ru/index.php?id=table
1504776772|/index.php?id=gbook&del=1|http://mysite.ru/index.php?id=sbook
1504776774|/index.php?id=sbook|http://mysite.ru/index.php?id=gbook&del=1
1504776817|/index.php?id=gbook&del=1|
1504776822|/index.php?id=sbook|http://mysite.ru/index.php?id=gbook&del=1
1504776975|/index.php?id=sbook|http://mysite.ru/index.php?id=gbook&del=1
1504776980|/index.php?id=gbook&id=1|http://mysite.ru/index.php?id=sbook
1504776990|/index.php?id=sbook|http://mysite.ru/index.php?id=gbook&id=1
1504777284|/index.php?id=sbook|http://mysite.ru/index.php?id=gbook&del=1
1504777286|/index.php?id=sbook|http://mysite.ru/index.php?id=gbook&del=1
1504777291|/index.php?id=gbook&del=1|http://mysite.ru/index.php?id=sbook
1504777293|/index.php?id=sbook|http://mysite.ru/index.php?id=gbook&del=1
1504777309|/index.php?id=sbook|http://mysite.ru/index.php?id=gbook&del=1
1504777327|/index.php?id=sbook|http://mysite.ru/index.php?id=gbook&del=1
1504777351|/index.php?id=sbook|http://mysite.ru/index.php?id=gbook&del=1
1504777371|/index.php?id=sbook|http://mysite.ru/index.php?id=gbook&del=1
1504777409|/index.php?id=sbook|http://mysite.ru/index.php?id=sbook
1504801998|/|
1504802002|/index.php?id=sbook|http://mysite.ru/
1504802167|/index.php?id=sbook|http://mysite.ru/
1504802176|/index.php?id=sbook|http://mysite.ru/index.php?id=sbook
1504802181|/index.php?id=sbook&id={$key[%27id%27]}|http://mysite.ru/index.php?id=sbook
1504802184|/index.php?id=sbook|http://mysite.ru/index.php?id=sbook&id={$key[%27id%27]}
1504802190|/index.php?id=sbook&id={$key[%27id%27]}|http://mysite.ru/index.php?id=sbook
1504802192|/index.php?id=sbook|http://mysite.ru/index.php?id=sbook&id={$key[%27id%27]}
1504802267|/index.php?id=sbook|http://mysite.ru/index.php?id=sbook&id={$key[%27id%27]}
1504802282|/index.php?id=sbook|http://mysite.ru/index.php?id=sbook&id={$key[%27id%27]}
1504802300|/index.php?id=sbook&id=5|http://mysite.ru/index.php?id=sbook
1504802305|/index.php?id=sbook|http://mysite.ru/index.php?id=sbook&id=5
1504802310|/index.php?id=sbook&id=35|http://mysite.ru/index.php?id=sbook
1504802313|/index.php?id=sbook|http://mysite.ru/index.php?id=sbook&id=35
1504802321|/index.php?id=sbook&id=35|http://mysite.ru/index.php?id=sbook
1504802326|/index.php?id=sbook|http://mysite.ru/index.php?id=sbook&id=35
1504802397|/index.php?id=sbook|http://mysite.ru/index.php?id=sbook&id=35
1504802404|/index.php?id=sbook&id=5|http://mysite.ru/index.php?id=sbook
1504802410|/index.php?id=sbook|http://mysite.ru/index.php?id=sbook&id=5
1504802485|/index.php?id=sbook|http://mysite.ru/index.php?id=sbook&id=5
1504802492|/index.php?id=sbook&del=35|http://mysite.ru/index.php?id=sbook
1504802590|/index.php?id=sbook&del=5|http://mysite.ru/index.php?id=sbook&del=35
1504802595|/index.php?id=sbook&del=6|http://mysite.ru/index.php?id=sbook&del=5
1504802599|/index.php?id=sbook&del=7|http://mysite.ru/index.php?id=sbook&del=6
1504802603|/index.php?id=sbook&del=8|http://mysite.ru/index.php?id=sbook&del=7
1504802607|/index.php?id=sbook&del=9|http://mysite.ru/index.php?id=sbook&del=8
1504802611|/index.php?id=sbook&del=10|http://mysite.ru/index.php?id=sbook&del=9
1504802614|/index.php?id=sbook&del=11|http://mysite.ru/index.php?id=sbook&del=10
1504802616|/index.php?id=sbook&del=12|http://mysite.ru/index.php?id=sbook&del=11
1504802619|/index.php?id=sbook&del=13|http://mysite.ru/index.php?id=sbook&del=12
1504802622|/index.php?id=sbook&del=14|http://mysite.ru/index.php?id=sbook&del=13
1504802625|/index.php?id=sbook&del=15|http://mysite.ru/index.php?id=sbook&del=14
1504802628|/index.php?id=sbook&del=16|http://mysite.ru/index.php?id=sbook&del=15
1504802631|/index.php?id=sbook&del=17|http://mysite.ru/index.php?id=sbook&del=16
1504802633|/index.php?id=sbook&del=18|http://mysite.ru/index.php?id=sbook&del=17
1504802636|/index.php?id=sbook&del=19|http://mysite.ru/index.php?id=sbook&del=18
1504802639|/index.php?id=sbook&del=20|http://mysite.ru/index.php?id=sbook&del=19
1504802642|/index.php?id=sbook&del=21|http://mysite.ru/index.php?id=sbook&del=20
1504802644|/index.php?id=sbook&del=22|http://mysite.ru/index.php?id=sbook&del=21
1504802647|/index.php?id=sbook&del=23|http://mysite.ru/index.php?id=sbook&del=22
1504802650|/index.php?id=sbook&del=24|http://mysite.ru/index.php?id=sbook&del=23
1504802653|/index.php?id=sbook&del=25|http://mysite.ru/index.php?id=sbook&del=24
1504802658|/index.php?id=sbook&del=26|http://mysite.ru/index.php?id=sbook&del=25
1504802660|/index.php?id=sbook&del=27|http://mysite.ru/index.php?id=sbook&del=26
1504802663|/index.php?id=sbook&del=28|http://mysite.ru/index.php?id=sbook&del=27
1504802667|/index.php?id=sbook&del=29|http://mysite.ru/index.php?id=sbook&del=28
1504802670|/index.php?id=sbook&del=30|http://mysite.ru/index.php?id=sbook&del=29
1504802673|/index.php?id=sbook&del=31|http://mysite.ru/index.php?id=sbook&del=30
1504802677|/index.php?id=sbook&del=34|http://mysite.ru/index.php?id=sbook&del=31
1504802686|/index.php?id=sbook&del=32|http://mysite.ru/index.php?id=sbook&del=34
1504802960|/index.php?id=sbook&del=32|http://mysite.ru/index.php?id=sbook&del=34
